<?xml version="1.0" encoding="UTF-8"?>
<testsuite name="com.ssafy.bookiz.BookizApplicationTests" tests="1" skipped="0" failures="0" errors="0" timestamp="2022-09-28T00:53:15" hostname="DESKTOP-KVCQHCD" time="0.077">
  <properties/>
  <testcase name="contextLoads()" classname="com.ssafy.bookiz.BookizApplicationTests" time="0.077"/>
  <system-out><![CDATA[09:53:09.586 [Test worker] DEBUG org.springframework.test.context.BootstrapUtils - Instantiating CacheAwareContextLoaderDelegate from class [org.springframework.test.context.cache.DefaultCacheAwareContextLoaderDelegate]
09:53:09.597 [Test worker] DEBUG org.springframework.test.context.BootstrapUtils - Instantiating BootstrapContext using constructor [public org.springframework.test.context.support.DefaultBootstrapContext(java.lang.Class,org.springframework.test.context.CacheAwareContextLoaderDelegate)]
09:53:09.626 [Test worker] DEBUG org.springframework.test.context.BootstrapUtils - Instantiating TestContextBootstrapper for test class [com.ssafy.bookiz.BookizApplicationTests] from class [org.springframework.boot.test.context.SpringBootTestContextBootstrapper]
09:53:09.638 [Test worker] INFO org.springframework.boot.test.context.SpringBootTestContextBootstrapper - Neither @ContextConfiguration nor @ContextHierarchy found for test class [com.ssafy.bookiz.BookizApplicationTests], using SpringBootContextLoader
09:53:09.641 [Test worker] DEBUG org.springframework.test.context.support.AbstractContextLoader - Did not detect default resource location for test class [com.ssafy.bookiz.BookizApplicationTests]: class path resource [com/ssafy/bookiz/BookizApplicationTests-context.xml] does not exist
09:53:09.642 [Test worker] DEBUG org.springframework.test.context.support.AbstractContextLoader - Did not detect default resource location for test class [com.ssafy.bookiz.BookizApplicationTests]: class path resource [com/ssafy/bookiz/BookizApplicationTestsContext.groovy] does not exist
09:53:09.642 [Test worker] INFO org.springframework.test.context.support.AbstractContextLoader - Could not detect default resource locations for test class [com.ssafy.bookiz.BookizApplicationTests]: no resource found for suffixes {-context.xml, Context.groovy}.
09:53:09.642 [Test worker] INFO org.springframework.test.context.support.AnnotationConfigContextLoaderUtils - Could not detect default configuration classes for test class [com.ssafy.bookiz.BookizApplicationTests]: BookizApplicationTests does not declare any static, non-private, non-final, nested classes annotated with @Configuration.
09:53:09.679 [Test worker] DEBUG org.springframework.test.context.support.ActiveProfilesUtils - Could not find an 'annotation declaring class' for annotation type [org.springframework.test.context.ActiveProfiles] and class [com.ssafy.bookiz.BookizApplicationTests]
09:53:09.737 [Test worker] DEBUG org.springframework.context.annotation.ClassPathScanningCandidateComponentProvider - Identified candidate component class: file [C:\Users\SSAFY\S07P22A103\bookiz_back\build\classes\java\main\com\ssafy\bookiz\BookizApplication.class]
09:53:09.738 [Test worker] INFO org.springframework.boot.test.context.SpringBootTestContextBootstrapper - Found @SpringBootConfiguration com.ssafy.bookiz.BookizApplication for test class com.ssafy.bookiz.BookizApplicationTests
09:53:09.828 [Test worker] DEBUG org.springframework.boot.test.context.SpringBootTestContextBootstrapper - @TestExecutionListeners is not present for class [com.ssafy.bookiz.BookizApplicationTests]: using defaults.
09:53:09.829 [Test worker] INFO org.springframework.boot.test.context.SpringBootTestContextBootstrapper - Loaded default TestExecutionListener class names from location [META-INF/spring.factories]: [org.springframework.boot.test.autoconfigure.restdocs.RestDocsTestExecutionListener, org.springframework.boot.test.autoconfigure.web.client.MockRestServiceServerResetTestExecutionListener, org.springframework.boot.test.autoconfigure.web.servlet.MockMvcPrintOnlyOnFailureTestExecutionListener, org.springframework.boot.test.autoconfigure.web.servlet.WebDriverTestExecutionListener, org.springframework.boot.test.autoconfigure.webservices.client.MockWebServiceServerTestExecutionListener, org.springframework.boot.test.mock.mockito.MockitoTestExecutionListener, org.springframework.boot.test.mock.mockito.ResetMocksTestExecutionListener, org.springframework.test.context.web.ServletTestExecutionListener, org.springframework.test.context.support.DirtiesContextBeforeModesTestExecutionListener, org.springframework.test.context.event.ApplicationEventsTestExecutionListener, org.springframework.test.context.support.DependencyInjectionTestExecutionListener, org.springframework.test.context.support.DirtiesContextTestExecutionListener, org.springframework.test.context.transaction.TransactionalTestExecutionListener, org.springframework.test.context.jdbc.SqlScriptsTestExecutionListener, org.springframework.test.context.event.EventPublishingTestExecutionListener]
09:53:09.846 [Test worker] INFO org.springframework.boot.test.context.SpringBootTestContextBootstrapper - Using TestExecutionListeners: [org.springframework.test.context.web.ServletTestExecutionListener@27eedb64, org.springframework.test.context.support.DirtiesContextBeforeModesTestExecutionListener@64c63c79, org.springframework.test.context.event.ApplicationEventsTestExecutionListener@31c7528f, org.springframework.boot.test.mock.mockito.MockitoTestExecutionListener@2b76ff4e, org.springframework.boot.test.autoconfigure.SpringBootDependencyInjectionTestExecutionListener@7a1234bf, org.springframework.test.context.support.DirtiesContextTestExecutionListener@2f62ea70, org.springframework.test.context.transaction.TransactionalTestExecutionListener@24ba9639, org.springframework.test.context.jdbc.SqlScriptsTestExecutionListener@38aa816f, org.springframework.test.context.event.EventPublishingTestExecutionListener@53f6fd09, org.springframework.boot.test.autoconfigure.restdocs.RestDocsTestExecutionListener@6bffbc6d, org.springframework.boot.test.autoconfigure.web.client.MockRestServiceServerResetTestExecutionListener@1b84f475, org.springframework.boot.test.autoconfigure.web.servlet.MockMvcPrintOnlyOnFailureTestExecutionListener@7749bf93, org.springframework.boot.test.autoconfigure.web.servlet.WebDriverTestExecutionListener@13330ac6, org.springframework.boot.test.autoconfigure.webservices.client.MockWebServiceServerTestExecutionListener@539d019, org.springframework.boot.test.mock.mockito.ResetMocksTestExecutionListener@39a2bb97]
09:53:09.850 [Test worker] DEBUG org.springframework.test.context.support.AbstractDirtiesContextTestExecutionListener - Before test class: context [DefaultTestContext@19e4fcac testClass = BookizApplicationTests, testInstance = [null], testMethod = [null], testException = [null], mergedContextConfiguration = [WebMergedContextConfiguration@52c3cb31 testClass = BookizApplicationTests, locations = '{}', classes = '{class com.ssafy.bookiz.BookizApplication}', contextInitializerClasses = '[]', activeProfiles = '{}', propertySourceLocations = '{}', propertySourceProperties = '{org.springframework.boot.test.context.SpringBootTestContextBootstrapper=true}', contextCustomizers = set[org.springframework.boot.test.autoconfigure.actuate.metrics.MetricsExportContextCustomizerFactory$DisableMetricExportContextCustomizer@cecf639, org.springframework.boot.test.autoconfigure.properties.PropertyMappingContextCustomizer@0, org.springframework.boot.test.autoconfigure.web.servlet.WebDriverContextCustomizerFactory$Customizer@247310d0, org.springframework.boot.test.context.filter.ExcludeFilterContextCustomizer@4082ba93, org.springframework.boot.test.json.DuplicateJsonObjectContextCustomizerFactory$DuplicateJsonObjectContextCustomizer@43df23d3, org.springframework.boot.test.mock.mockito.MockitoContextCustomizer@0, org.springframework.boot.test.web.client.TestRestTemplateContextCustomizer@536f2a7e, org.springframework.boot.test.context.SpringBootTestArgs@1, org.springframework.boot.test.context.SpringBootTestWebEnvironment@48fa0f47], resourceBasePath = 'src/main/webapp', contextLoader = 'org.springframework.boot.test.context.SpringBootContextLoader', parent = [null]], attributes = map['org.springframework.test.context.web.ServletTestExecutionListener.activateListener' -> true]], class annotated with @DirtiesContext [false] with mode [null].

  .   ____          _            __ _ _
 /\\ / ___'_ __ _ _(_)_ __  __ _ \ \ \ \
( ( )\___ | '_ | '_| | '_ \/ _` | \ \ \ \
 \\/  ___)| |_)| | | | | || (_| |  ) ) ) )
  '  |____| .__|_| |_|_| |_\__, | / / / /
 =========|_|==============|___/=/_/_/_/
 :: Spring Boot ::                (v2.7.3)

2022-09-28 09:53:10.132  INFO 12788 --- [    Test worker] com.ssafy.bookiz.BookizApplicationTests  : Starting BookizApplicationTests using Java 1.8.0_332 on DESKTOP-KVCQHCD with PID 12788 (started by SSAFY in C:\Users\SSAFY\S07P22A103\bookiz_back)
2022-09-28 09:53:10.133  INFO 12788 --- [    Test worker] com.ssafy.bookiz.BookizApplicationTests  : The following 1 profile is active: "aws"
2022-09-28 09:53:10.704  INFO 12788 --- [    Test worker] .s.d.r.c.RepositoryConfigurationDelegate : Bootstrapping Spring Data JPA repositories in DEFAULT mode.
2022-09-28 09:53:10.767  INFO 12788 --- [    Test worker] .s.d.r.c.RepositoryConfigurationDelegate : Finished Spring Data repository scanning in 55 ms. Found 4 JPA repository interfaces.
2022-09-28 09:53:11.515  INFO 12788 --- [    Test worker] o.hibernate.jpa.internal.util.LogHelper  : HHH000204: Processing PersistenceUnitInfo [name: default]
2022-09-28 09:53:11.596  INFO 12788 --- [    Test worker] org.hibernate.Version                    : HHH000412: Hibernate ORM core version 5.6.10.Final
2022-09-28 09:53:11.885  INFO 12788 --- [    Test worker] o.hibernate.annotations.common.Version   : HCANN000001: Hibernate Commons Annotations {5.1.2.Final}
2022-09-28 09:53:12.057  INFO 12788 --- [    Test worker] com.zaxxer.hikari.HikariDataSource       : HikariPool-1 - Starting...
2022-09-28 09:53:12.729  INFO 12788 --- [    Test worker] com.zaxxer.hikari.HikariDataSource       : HikariPool-1 - Start completed.
2022-09-28 09:53:12.760  INFO 12788 --- [    Test worker] org.hibernate.dialect.Dialect            : HHH000400: Using dialect: org.hibernate.dialect.MySQL57Dialect
2022-09-28 09:53:13.973  INFO 12788 --- [    Test worker] o.h.e.t.j.p.i.JtaPlatformInitiator       : HHH000490: Using JtaPlatform implementation: [org.hibernate.engine.transaction.jta.platform.internal.NoJtaPlatform]
2022-09-28 09:53:13.988  INFO 12788 --- [    Test worker] j.LocalContainerEntityManagerFactoryBean : Initialized JPA EntityManagerFactory for persistence unit 'default'
2022-09-28 09:53:15.296  WARN 12788 --- [    Test worker] JpaBaseConfiguration$JpaWebConfiguration : spring.jpa.open-in-view is enabled by default. Therefore, database queries may be performed during view rendering. Explicitly configure spring.jpa.open-in-view to disable this warning
2022-09-28 09:53:15.951  INFO 12788 --- [    Test worker] com.ssafy.bookiz.BookizApplicationTests  : Started BookizApplicationTests in 6.071 seconds (JVM running for 7.653)
]]></system-out>
  <system-err><![CDATA[]]></system-err>
</testsuite>
