<?xml version="1.0" encoding="UTF-8"?>
<testsuite name="com.ssafy.bookiz.BookizApplicationTests" tests="1" skipped="0" failures="0" errors="0" timestamp="2022-09-28T06:11:29" hostname="DESKTOP-KVCQHCD" time="0.14">
  <properties/>
  <testcase name="contextLoads()" classname="com.ssafy.bookiz.BookizApplicationTests" time="0.14"/>
  <system-out><![CDATA[15:11:21.476 [Test worker] DEBUG org.springframework.test.context.BootstrapUtils - Instantiating CacheAwareContextLoaderDelegate from class [org.springframework.test.context.cache.DefaultCacheAwareContextLoaderDelegate]
15:11:21.492 [Test worker] DEBUG org.springframework.test.context.BootstrapUtils - Instantiating BootstrapContext using constructor [public org.springframework.test.context.support.DefaultBootstrapContext(java.lang.Class,org.springframework.test.context.CacheAwareContextLoaderDelegate)]
15:11:21.523 [Test worker] DEBUG org.springframework.test.context.BootstrapUtils - Instantiating TestContextBootstrapper for test class [com.ssafy.bookiz.BookizApplicationTests] from class [org.springframework.boot.test.context.SpringBootTestContextBootstrapper]
15:11:21.539 [Test worker] INFO org.springframework.boot.test.context.SpringBootTestContextBootstrapper - Neither @ContextConfiguration nor @ContextHierarchy found for test class [com.ssafy.bookiz.BookizApplicationTests], using SpringBootContextLoader
15:11:21.539 [Test worker] DEBUG org.springframework.test.context.support.AbstractContextLoader - Did not detect default resource location for test class [com.ssafy.bookiz.BookizApplicationTests]: class path resource [com/ssafy/bookiz/BookizApplicationTests-context.xml] does not exist
15:11:21.539 [Test worker] DEBUG org.springframework.test.context.support.AbstractContextLoader - Did not detect default resource location for test class [com.ssafy.bookiz.BookizApplicationTests]: class path resource [com/ssafy/bookiz/BookizApplicationTestsContext.groovy] does not exist
15:11:21.539 [Test worker] INFO org.springframework.test.context.support.AbstractContextLoader - Could not detect default resource locations for test class [com.ssafy.bookiz.BookizApplicationTests]: no resource found for suffixes {-context.xml, Context.groovy}.
15:11:21.539 [Test worker] INFO org.springframework.test.context.support.AnnotationConfigContextLoaderUtils - Could not detect default configuration classes for test class [com.ssafy.bookiz.BookizApplicationTests]: BookizApplicationTests does not declare any static, non-private, non-final, nested classes annotated with @Configuration.
15:11:21.585 [Test worker] DEBUG org.springframework.test.context.support.ActiveProfilesUtils - Could not find an 'annotation declaring class' for annotation type [org.springframework.test.context.ActiveProfiles] and class [com.ssafy.bookiz.BookizApplicationTests]
15:11:21.648 [Test worker] DEBUG org.springframework.context.annotation.ClassPathScanningCandidateComponentProvider - Identified candidate component class: file [C:\Users\SSAFY\S07P22A103\bookiz_back\build\classes\java\main\com\ssafy\bookiz\BookizApplication.class]
15:11:21.648 [Test worker] INFO org.springframework.boot.test.context.SpringBootTestContextBootstrapper - Found @SpringBootConfiguration com.ssafy.bookiz.BookizApplication for test class com.ssafy.bookiz.BookizApplicationTests
15:11:21.757 [Test worker] DEBUG org.springframework.boot.test.context.SpringBootTestContextBootstrapper - @TestExecutionListeners is not present for class [com.ssafy.bookiz.BookizApplicationTests]: using defaults.
15:11:21.757 [Test worker] INFO org.springframework.boot.test.context.SpringBootTestContextBootstrapper - Loaded default TestExecutionListener class names from location [META-INF/spring.factories]: [org.springframework.boot.test.autoconfigure.restdocs.RestDocsTestExecutionListener, org.springframework.boot.test.autoconfigure.web.client.MockRestServiceServerResetTestExecutionListener, org.springframework.boot.test.autoconfigure.web.servlet.MockMvcPrintOnlyOnFailureTestExecutionListener, org.springframework.boot.test.autoconfigure.web.servlet.WebDriverTestExecutionListener, org.springframework.boot.test.autoconfigure.webservices.client.MockWebServiceServerTestExecutionListener, org.springframework.boot.test.mock.mockito.MockitoTestExecutionListener, org.springframework.boot.test.mock.mockito.ResetMocksTestExecutionListener, org.springframework.test.context.web.ServletTestExecutionListener, org.springframework.test.context.support.DirtiesContextBeforeModesTestExecutionListener, org.springframework.test.context.event.ApplicationEventsTestExecutionListener, org.springframework.test.context.support.DependencyInjectionTestExecutionListener, org.springframework.test.context.support.DirtiesContextTestExecutionListener, org.springframework.test.context.transaction.TransactionalTestExecutionListener, org.springframework.test.context.jdbc.SqlScriptsTestExecutionListener, org.springframework.test.context.event.EventPublishingTestExecutionListener]
15:11:21.789 [Test worker] INFO org.springframework.boot.test.context.SpringBootTestContextBootstrapper - Using TestExecutionListeners: [org.springframework.test.context.web.ServletTestExecutionListener@31c7528f, org.springframework.test.context.support.DirtiesContextBeforeModesTestExecutionListener@2b76ff4e, org.springframework.test.context.event.ApplicationEventsTestExecutionListener@7a1234bf, org.springframework.boot.test.mock.mockito.MockitoTestExecutionListener@2f62ea70, org.springframework.boot.test.autoconfigure.SpringBootDependencyInjectionTestExecutionListener@24ba9639, org.springframework.test.context.support.DirtiesContextTestExecutionListener@38aa816f, org.springframework.test.context.transaction.TransactionalTestExecutionListener@53f6fd09, org.springframework.test.context.jdbc.SqlScriptsTestExecutionListener@6bffbc6d, org.springframework.test.context.event.EventPublishingTestExecutionListener@1b84f475, org.springframework.boot.test.autoconfigure.restdocs.RestDocsTestExecutionListener@7749bf93, org.springframework.boot.test.autoconfigure.web.client.MockRestServiceServerResetTestExecutionListener@13330ac6, org.springframework.boot.test.autoconfigure.web.servlet.MockMvcPrintOnlyOnFailureTestExecutionListener@539d019, org.springframework.boot.test.autoconfigure.web.servlet.WebDriverTestExecutionListener@39a2bb97, org.springframework.boot.test.autoconfigure.webservices.client.MockWebServiceServerTestExecutionListener@3ad2e17, org.springframework.boot.test.mock.mockito.ResetMocksTestExecutionListener@8c3619e]
15:11:21.789 [Test worker] DEBUG org.springframework.test.context.support.AbstractDirtiesContextTestExecutionListener - Before test class: context [DefaultTestContext@4b79ac84 testClass = BookizApplicationTests, testInstance = [null], testMethod = [null], testException = [null], mergedContextConfiguration = [WebMergedContextConfiguration@53941c2f testClass = BookizApplicationTests, locations = '{}', classes = '{class com.ssafy.bookiz.BookizApplication}', contextInitializerClasses = '[]', activeProfiles = '{}', propertySourceLocations = '{}', propertySourceProperties = '{org.springframework.boot.test.context.SpringBootTestContextBootstrapper=true}', contextCustomizers = set[org.springframework.boot.test.autoconfigure.actuate.metrics.MetricsExportContextCustomizerFactory$DisableMetricExportContextCustomizer@7ce026d3, org.springframework.boot.test.autoconfigure.properties.PropertyMappingContextCustomizer@0, org.springframework.boot.test.autoconfigure.web.servlet.WebDriverContextCustomizerFactory$Customizer@303cf2ba, org.springframework.boot.test.context.filter.ExcludeFilterContextCustomizer@2b30a42c, org.springframework.boot.test.json.DuplicateJsonObjectContextCustomizerFactory$DuplicateJsonObjectContextCustomizer@792b749c, org.springframework.boot.test.mock.mockito.MockitoContextCustomizer@0, org.springframework.boot.test.web.client.TestRestTemplateContextCustomizer@66982506, org.springframework.boot.test.context.SpringBootTestArgs@1, org.springframework.boot.test.context.SpringBootTestWebEnvironment@5e316c74], resourceBasePath = 'src/main/webapp', contextLoader = 'org.springframework.boot.test.context.SpringBootContextLoader', parent = [null]], attributes = map['org.springframework.test.context.web.ServletTestExecutionListener.activateListener' -> true]], class annotated with @DirtiesContext [false] with mode [null].

  .   ____          _            __ _ _
 /\\ / ___'_ __ _ _(_)_ __  __ _ \ \ \ \
( ( )\___ | '_ | '_| | '_ \/ _` | \ \ \ \
 \\/  ___)| |_)| | | | | || (_| |  ) ) ) )
  '  |____| .__|_| |_|_| |_\__, | / / / /
 =========|_|==============|___/=/_/_/_/
 :: Spring Boot ::                (v2.7.3)

2022-09-28 15:11:22.093  WARN 16544 --- [    Test worker] ory$DuplicateJsonObjectContextCustomizer : 

Found multiple occurrences of org.json.JSONObject on the class path:

	jar:file:/C:/Users/SSAFY/.gradle/caches/modules-2/files-2.1/org.json/json/20090211/c183aa3a2a6250293808bba12262c8920ce5a51c/json-20090211.jar!/org/json/JSONObject.class
	jar:file:/C:/Users/SSAFY/.gradle/caches/modules-2/files-2.1/com.vaadin.external.google/android-json/0.0.20131108.vaadin1/fa26d351fe62a6a17f5cda1287c1c6110dec413f/android-json-0.0.20131108.vaadin1.jar!/org/json/JSONObject.class

You may wish to exclude one of them to ensure predictable runtime behavior

2022-09-28 15:11:22.109  INFO 16544 --- [    Test worker] com.ssafy.bookiz.BookizApplicationTests  : Starting BookizApplicationTests using Java 1.8.0_332 on DESKTOP-KVCQHCD with PID 16544 (started by SSAFY in C:\Users\SSAFY\S07P22A103\bookiz_back)
2022-09-28 15:11:22.109  INFO 16544 --- [    Test worker] com.ssafy.bookiz.BookizApplicationTests  : The following 1 profile is active: "aws"
2022-09-28 15:11:22.792  INFO 16544 --- [    Test worker] .s.d.r.c.RepositoryConfigurationDelegate : Bootstrapping Spring Data JPA repositories in DEFAULT mode.
2022-09-28 15:11:22.885  INFO 16544 --- [    Test worker] .s.d.r.c.RepositoryConfigurationDelegate : Finished Spring Data repository scanning in 90 ms. Found 4 JPA repository interfaces.
2022-09-28 15:11:23.847  INFO 16544 --- [    Test worker] o.hibernate.jpa.internal.util.LogHelper  : HHH000204: Processing PersistenceUnitInfo [name: default]
2022-09-28 15:11:23.953  INFO 16544 --- [    Test worker] org.hibernate.Version                    : HHH000412: Hibernate ORM core version 5.6.10.Final
2022-09-28 15:11:24.265  INFO 16544 --- [    Test worker] o.hibernate.annotations.common.Version   : HCANN000001: Hibernate Commons Annotations {5.1.2.Final}
2022-09-28 15:11:24.452  INFO 16544 --- [    Test worker] com.zaxxer.hikari.HikariDataSource       : HikariPool-1 - Starting...
2022-09-28 15:11:25.284  INFO 16544 --- [    Test worker] com.zaxxer.hikari.HikariDataSource       : HikariPool-1 - Start completed.
2022-09-28 15:11:25.316  INFO 16544 --- [    Test worker] org.hibernate.dialect.Dialect            : HHH000400: Using dialect: org.hibernate.dialect.MySQL57Dialect
2022-09-28 15:11:25.932  INFO 16544 --- [    Test worker] org.hibernate.tuple.PojoInstantiator     : HHH000182: No default (no-argument) constructor for class: com.ssafy.bookiz.domain.BookContent (class must be instantiated by Interceptor)
2022-09-28 15:11:27.278  INFO 16544 --- [    Test worker] o.h.e.t.j.p.i.JtaPlatformInitiator       : HHH000490: Using JtaPlatform implementation: [org.hibernate.engine.transaction.jta.platform.internal.NoJtaPlatform]
2022-09-28 15:11:27.278  INFO 16544 --- [    Test worker] j.LocalContainerEntityManagerFactoryBean : Initialized JPA EntityManagerFactory for persistence unit 'default'
2022-09-28 15:11:28.315  WARN 16544 --- [    Test worker] JpaBaseConfiguration$JpaWebConfiguration : spring.jpa.open-in-view is enabled by default. Therefore, database queries may be performed during view rendering. Explicitly configure spring.jpa.open-in-view to disable this warning
2022-09-28 15:11:29.427  INFO 16544 --- [    Test worker] com.ssafy.bookiz.BookizApplicationTests  : Started BookizApplicationTests in 7.602 seconds (JVM running for 9.451)
]]></system-out>
  <system-err><![CDATA[]]></system-err>
</testsuite>
